# JRE version: Java(TM) SE Runtime Environment (8.0_191-b12) (build 1.8.0_191-b12)
# Java VM: Java HotSpot(TM) Client VM (25.191-b12 mixed mode windows-x86 )
Heap:
 def new generation   total 157248K, used 157247K [0x06000000, 0x10aa0000, 0x10aa0000)
  eden space 139776K,  99% used [0x06000000, 0x0e87fff8, 0x0e880000)
  from space 17472K, 100% used [0x0e880000, 0x0f990000, 0x0f990000)
  to   space 17472K,   0% used [0x0f990000, 0x0f990000, 0x10aa0000)
 tenured generation   total 349568K, used 349568K [0x10aa0000, 0x26000000, 0x26000000)
   the space 349568K, 100% used [0x10aa0000, 0x26000000, 0x26000000, 0x26000000)
 Metaspace       used 25794K, capacity 26524K, committed 26880K, reserved 27008K
GC Heap History (10 events):
Event: 34265.423 GC heap before
{Heap before GC invocations=2300 (full 1877):
 def new generation   total 157248K, used 157247K [0x06000000, 0x10aa0000, 0x10aa0000)
  eden space 139776K,  99% used [0x06000000, 0x0e87fff8, 0x0e880000)
  from space 17472K, 100% used [0x0e880000, 0x0f990000, 0x0f990000)
  to   space 17472K,   0% used [0x0f990000, 0x0f990000, 0x10aa0000)
 tenured generation   total 349568K, used 349568K [0x10aa0000, 0x26000000, 0x26000000)
   the space 349568K, 100% used [0x10aa0000, 0x26000000, 0x26000000, 0x26000000)
 Metaspace       used 25794K, capacity 26524K, committed 26880K, reserved 27008K
Event: 34265.856 GC heap after
Heap after GC invocations=2301 (full 1878):
 def new generation   total 157248K, used 157247K [0x06000000, 0x10aa0000, 0x10aa0000)
  eden space 139776K,  99% used [0x06000000, 0x0e87fff8, 0x0e880000)
  from space 17472K, 100% used [0x0e880000, 0x0f990000, 0x0f990000)
  to   space 17472K,   0% used [0x0f990000, 0x0f990000, 0x10aa0000)
 tenured generation   total 349568K, used 349568K [0x10aa0000, 0x26000000, 0x26000000)
   the space 349568K, 100% used [0x10aa0000, 0x26000000, 0x26000000, 0x26000000)
 Metaspace       used 25794K, capacity 26524K, committed 26880K, reserved 27008K
}
Event: 34265.856 GC heap before
{Heap before GC invocations=2301 (full 1878):
 def new generation   total 157248K, used 157247K [0x06000000, 0x10aa0000, 0x10aa0000)
  eden space 139776K,  99% used [0x06000000, 0x0e87fff8, 0x0e880000)
  from space 17472K, 100% used [0x0e880000, 0x0f990000, 0x0f990000)
  to   space 17472K,   0% used [0x0f990000, 0x0f990000, 0x10aa0000)
 tenured generation   total 349568K, used 349568K [0x10aa0000, 0x26000000, 0x26000000)
   the space 349568K, 100% used [0x10aa0000, 0x26000000, 0x26000000, 0x26000000)
 Metaspace       used 25794K, capacity 26524K, committed 26880K, reserved 27008K
Event: 34266.327 GC heap after
Heap after GC invocations=2302 (full 1879):
 def new generation   total 157248K, used 157247K [0x06000000, 0x10aa0000, 0x10aa0000)
  eden space 139776K,  99% used [0x06000000, 0x0e87fff8, 0x0e880000)
  from space 17472K, 100% used [0x0e880000, 0x0f990000, 0x0f990000)
  to   space 17472K,   0% used [0x0f990000, 0x0f990000, 0x10aa0000)
 tenured generation   total 349568K, used 349568K [0x10aa0000, 0x26000000, 0x26000000)
   the space 349568K, 100% used [0x10aa0000, 0x26000000, 0x26000000, 0x26000000)
 Metaspace       used 25794K, capacity 26524K, committed 26880K, reserved 27008K
}
Event: 34266.327 GC heap before
{Heap before GC invocations=2302 (full 1879):
 def new generation   total 157248K, used 157247K [0x06000000, 0x10aa0000, 0x10aa0000)
  eden space 139776K,  99% used [0x06000000, 0x0e87fff8, 0x0e880000)
  from space 17472K, 100% used [0x0e880000, 0x0f990000, 0x0f990000)
  to   space 17472K,   0% used [0x0f990000, 0x0f990000, 0x10aa0000)
 tenured generation   total 349568K, used 349568K [0x10aa0000, 0x26000000, 0x26000000)
   the space 349568K, 100% used [0x10aa0000, 0x26000000, 0x26000000, 0x26000000)
 Metaspace       used 25794K, capacity 26524K, committed 26880K, reserved 27008K
Event: 34266.773 GC heap after
Heap after GC invocations=2303 (full 1880):
 def new generation   total 157248K, used 157247K [0x06000000, 0x10aa0000, 0x10aa0000)
  eden space 139776K,  99% used [0x06000000, 0x0e87fff8, 0x0e880000)
  from space 17472K, 100% used [0x0e880000, 0x0f990000, 0x0f990000)
  to   space 17472K,   0% used [0x0f990000, 0x0f990000, 0x10aa0000)
 tenured generation   total 349568K, used 349568K [0x10aa0000, 0x26000000, 0x26000000)
   the space 349568K, 100% used [0x10aa0000, 0x26000000, 0x26000000, 0x26000000)
 Metaspace       used 25794K, capacity 26524K, committed 26880K, reserved 27008K
}
Event: 34266.773 GC heap before
{Heap before GC invocations=2303 (full 1880):
 def new generation   total 157248K, used 157247K [0x06000000, 0x10aa0000, 0x10aa0000)
  eden space 139776K,  99% used [0x06000000, 0x0e87fff8, 0x0e880000)
  from space 17472K, 100% used [0x0e880000, 0x0f990000, 0x0f990000)
  to   space 17472K,   0% used [0x0f990000, 0x0f990000, 0x10aa0000)
 tenured generation   total 349568K, used 349568K [0x10aa0000, 0x26000000, 0x26000000)
   the space 349568K, 100% used [0x10aa0000, 0x26000000, 0x26000000, 0x26000000)
 Metaspace       used 25794K, capacity 26524K, committed 26880K, reserved 27008K
Event: 34267.196 GC heap after
Heap after GC invocations=2304 (full 1881):
 def new generation   total 157248K, used 157247K [0x06000000, 0x10aa0000, 0x10aa0000)
  eden space 139776K,  99% used [0x06000000, 0x0e87fff8, 0x0e880000)
  from space 17472K, 100% used [0x0e880000, 0x0f990000, 0x0f990000)
  to   space 17472K,   0% used [0x0f990000, 0x0f990000, 0x10aa0000)
 tenured generation   total 349568K, used 349568K [0x10aa0000, 0x26000000, 0x26000000)
   the space 349568K, 100% used [0x10aa0000, 0x26000000, 0x26000000, 0x26000000)
 Metaspace       used 25794K, capacity 26524K, committed 26880K, reserved 27008K
}
Event: 34267.196 GC heap before
{Heap before GC invocations=2304 (full 1881):
 def new generation   total 157248K, used 157247K [0x06000000, 0x10aa0000, 0x10aa0000)
  eden space 139776K,  99% used [0x06000000, 0x0e87fff8, 0x0e880000)
  from space 17472K, 100% used [0x0e880000, 0x0f990000, 0x0f990000)
  to   space 17472K,   0% used [0x0f990000, 0x0f990000, 0x10aa0000)
 tenured generation   total 349568K, used 349568K [0x10aa0000, 0x26000000, 0x26000000)
   the space 349568K, 100% used [0x10aa0000, 0x26000000, 0x26000000, 0x26000000)
 Metaspace       used 25794K, capacity 26524K, committed 26880K, reserved 27008K
Event: 34267.622 GC heap after
Heap after GC invocations=2305 (full 1882):
 def new generation   total 157248K, used 157247K [0x06000000, 0x10aa0000, 0x10aa0000)
  eden space 139776K,  99% used [0x06000000, 0x0e87fff8, 0x0e880000)
  from space 17472K, 100% used [0x0e880000, 0x0f990000, 0x0f990000)
  to   space 17472K,   0% used [0x0f990000, 0x0f990000, 0x10aa0000)
 tenured generation   total 349568K, used 349568K [0x10aa0000, 0x26000000, 0x26000000)
   the space 349568K, 100% used [0x10aa0000, 0x26000000, 0x26000000, 0x26000000)
 Metaspace       used 25794K, capacity 26524K, committed 26880K, reserved 27008K
}

